<?xml version="1.0" encoding="UTF-8"?>
<!-- Generated by org.testng.reporters.JUnitXMLReporter -->
<testsuite ignored="0" hostname="NWCHNLAP003" failures="0" tests="5" name="Test" time="35.623" errors="0" timestamp="2022-08-17T13:26:16 IST">
  <testcase classname="p04_claims_approver_login_logout.ClaimsApproverLogin" name="invalidUsernameInvalidPassword" time="5.353"/>
  <testcase classname="p04_claims_approver_login_logout.ClaimsApproverLogin" name="validUsernameInvalidPassword" time="1.197"/>
  <testcase classname="p04_claims_approver_login_logout.ClaimsApproverLogin" name="invalidUsernameValidPassword" time="1.206"/>
  <testcase classname="p04_claims_approver_login_logout.ClaimsApproverLogin" name="validUsernameValidPassword" time="2.836"/>
  <testcase classname="claims_Approver_Logout.ClaimsApproverLogout" name="Logout" time="1.955"/>
</testsuite> <!-- Test -->
